2021-09-08 13:15:47,562 [INFO ] main com.xxxz.stockupup.StockUpUpApplication
                [StartupInfoLogger.java : 50] Starting StockUpUpApplication on Lenovo-PC with PID 6544 (G:\work\stockupup\target\classes started by jianglinle in G:\work\stockupup)
2021-09-08 13:15:47,576 [INFO ] main com.xxxz.stockupup.StockUpUpApplication
                [SpringApplication.java : 675] No active profile set, falling back to default profiles: default
2021-09-08 13:15:49,662 [INFO ] main o.s.data.repository.config.RepositoryConfigurationDelegate
                [RepositoryConfigurationDelegate.java : 126] Bootstrapping Spring Data repositories in DEFAULT mode.
2021-09-08 13:15:49,696 [INFO ] main o.s.data.repository.config.RepositoryConfigurationDelegate
                [RepositoryConfigurationDelegate.java : 182] Finished Spring Data repository scanning in 26ms. Found 0 repository interfaces.
2021-09-08 13:15:50,982 [INFO ] main org.springframework.boot.web.embedded.tomcat.TomcatWebServer
                [TomcatWebServer.java : 90] Tomcat initialized with port(s): 9001 (http)
2021-09-08 13:15:51,002 [INFO ] main org.apache.coyote.http11.Http11NioProtocol
                [DirectJDKLog.java : 173] Initializing ProtocolHandler ["http-nio-9001"]
2021-09-08 13:15:51,013 [INFO ] main org.apache.catalina.core.StandardService
                [DirectJDKLog.java : 173] Starting service [Tomcat]
2021-09-08 13:15:51,014 [INFO ] main org.apache.catalina.core.StandardEngine
                [DirectJDKLog.java : 173] Starting Servlet engine: [Apache Tomcat/9.0.16]
2021-09-08 13:15:51,022 [INFO ] main org.apache.catalina.core.AprLifecycleListener
                [DirectJDKLog.java : 173] The APR based Apache Tomcat Native library which allows optimal performance in production environments was not found on the java.library.path: [F:\java\jdk1.8.0_31\bin;C:\windows\Sun\Java\bin;C:\windows\system32;C:\windows;c:\gtk\bin;F:\java\jdk1.8.0_31\bin;C:\windows\system32;C:\windows;C:\windows\system32\wbem;C:\Program Files\Lenovo\Bluetooth Software\;C:\Program Files\Lenovo\Bluetooth Software\syswow64;F:\mysql\mysql-5.7.12-winx64\bin;F:\Apache Software Foundation\apache-maven-3.3.9\bin;F:\Lenovo Home\DCMainWin.exe;D:\SVN\server\bin;F:\Git\cmd;F:\Python27;;.]
2021-09-08 13:15:51,229 [INFO ] main o.a.catalina.core.ContainerBase.[Tomcat].[localhost].[/api]
                [DirectJDKLog.java : 173] Initializing Spring embedded WebApplicationContext
2021-09-08 13:15:51,230 [INFO ] main org.springframework.web.context.ContextLoader
                [ServletWebServerApplicationContext.java : 296] Root WebApplicationContext: initialization completed in 3518 ms
2021-09-08 13:15:52,088 [INFO ] main org.mongodb.driver.cluster
                [SLF4JLogger.java : 71] Cluster created with settings {hosts=[localhost:27017], mode=SINGLE, requiredClusterType=UNKNOWN, serverSelectionTimeout='30000 ms', maxWaitQueueSize=500}
2021-09-08 13:15:52,396 [INFO ] cluster-ClusterId{value='6138470844044119900169b4', description='null'}-localhost:27017 org.mongodb.driver.connection
                [SLF4JLogger.java : 71] Opened connection [connectionId{localValue:1, serverValue:13}] to localhost:27017
2021-09-08 13:15:52,400 [INFO ] cluster-ClusterId{value='6138470844044119900169b4', description='null'}-localhost:27017 org.mongodb.driver.cluster
                [SLF4JLogger.java : 71] Monitor thread successfully connected to server with description ServerDescription{address=localhost:27017, type=STANDALONE, state=CONNECTED, ok=true, version=ServerVersion{versionList=[3, 0, 15]}, minWireVersion=0, maxWireVersion=3, maxDocumentSize=16777216, logicalSessionTimeoutMinutes=null, roundTripTimeNanos=1567465}
2021-09-08 13:15:53,691 [INFO ] main o.s.scheduling.concurrent.ThreadPoolTaskExecutor
                [ExecutorConfigurationSupport.java : 171] Initializing ExecutorService 'applicationTaskExecutor'
2021-09-08 13:15:53,886 [INFO ] main o.s.scheduling.concurrent.ThreadPoolTaskScheduler
                [ExecutorConfigurationSupport.java : 171] Initializing ExecutorService 'taskScheduler'
2021-09-08 13:15:53,948 [INFO ] main org.apache.coyote.http11.Http11NioProtocol
                [DirectJDKLog.java : 173] Starting ProtocolHandler ["http-nio-9001"]
2021-09-08 13:15:53,981 [INFO ] main org.springframework.boot.web.embedded.tomcat.TomcatWebServer
                [TomcatWebServer.java : 204] Tomcat started on port(s): 9001 (http) with context path '/api'
2021-09-08 13:15:53,984 [INFO ] main com.xxxz.stockupup.StockUpUpApplication
                [StartupInfoLogger.java : 59] Started StockUpUpApplication in 7.758 seconds (JVM running for 13.085)
2021-09-08 13:16:04,997 [INFO ] http-nio-9001-exec-1 o.a.catalina.core.ContainerBase.[Tomcat].[localhost].[/api]
                [DirectJDKLog.java : 173] Initializing Spring DispatcherServlet 'dispatcherServlet'
2021-09-08 13:16:04,997 [INFO ] http-nio-9001-exec-1 org.springframework.web.servlet.DispatcherServlet
                [FrameworkServlet.java : 524] Initializing Servlet 'dispatcherServlet'
2021-09-08 13:16:05,011 [INFO ] http-nio-9001-exec-1 org.springframework.web.servlet.DispatcherServlet
                [FrameworkServlet.java : 546] Completed initialization in 14 ms
2021-09-08 13:16:05,601 [INFO ] http-nio-9001-exec-1 org.mongodb.driver.connection
                [SLF4JLogger.java : 71] Opened connection [connectionId{localValue:2, serverValue:14}] to localhost:27017
2021-09-08 14:54:50,896 [INFO ] main com.xxxz.stockupup.StockUpUpApplication
                [StartupInfoLogger.java : 50] Starting StockUpUpApplication on Lenovo-PC with PID 3372 (G:\work\stockupup\target\classes started by jianglinle in G:\work\stockupup)
2021-09-08 14:54:50,903 [INFO ] main com.xxxz.stockupup.StockUpUpApplication
                [SpringApplication.java : 675] No active profile set, falling back to default profiles: default
2021-09-08 14:54:51,729 [INFO ] main o.s.data.repository.config.RepositoryConfigurationDelegate
                [RepositoryConfigurationDelegate.java : 126] Bootstrapping Spring Data repositories in DEFAULT mode.
2021-09-08 14:54:51,756 [INFO ] main o.s.data.repository.config.RepositoryConfigurationDelegate
                [RepositoryConfigurationDelegate.java : 182] Finished Spring Data repository scanning in 21ms. Found 0 repository interfaces.
2021-09-08 14:54:52,462 [INFO ] main org.springframework.boot.web.embedded.tomcat.TomcatWebServer
                [TomcatWebServer.java : 90] Tomcat initialized with port(s): 9001 (http)
2021-09-08 14:54:52,481 [INFO ] main org.apache.coyote.http11.Http11NioProtocol
                [DirectJDKLog.java : 173] Initializing ProtocolHandler ["http-nio-9001"]
2021-09-08 14:54:52,490 [INFO ] main org.apache.catalina.core.StandardService
                [DirectJDKLog.java : 173] Starting service [Tomcat]
2021-09-08 14:54:52,491 [INFO ] main org.apache.catalina.core.StandardEngine
                [DirectJDKLog.java : 173] Starting Servlet engine: [Apache Tomcat/9.0.16]
2021-09-08 14:54:52,499 [INFO ] main org.apache.catalina.core.AprLifecycleListener
                [DirectJDKLog.java : 173] The APR based Apache Tomcat Native library which allows optimal performance in production environments was not found on the java.library.path: [F:\java\jdk1.8.0_31\bin;C:\windows\Sun\Java\bin;C:\windows\system32;C:\windows;c:\gtk\bin;F:\java\jdk1.8.0_31\bin;C:\windows\system32;C:\windows;C:\windows\system32\wbem;C:\Program Files\Lenovo\Bluetooth Software\;C:\Program Files\Lenovo\Bluetooth Software\syswow64;F:\mysql\mysql-5.7.12-winx64\bin;F:\Apache Software Foundation\apache-maven-3.3.9\bin;F:\Lenovo Home\DCMainWin.exe;D:\SVN\server\bin;F:\Git\cmd;F:\Python27;;.]
2021-09-08 14:54:52,690 [INFO ] main o.a.catalina.core.ContainerBase.[Tomcat].[localhost].[/api]
                [DirectJDKLog.java : 173] Initializing Spring embedded WebApplicationContext
2021-09-08 14:54:52,690 [INFO ] main org.springframework.web.context.ContextLoader
                [ServletWebServerApplicationContext.java : 296] Root WebApplicationContext: initialization completed in 1634 ms
2021-09-08 14:54:53,232 [INFO ] main org.mongodb.driver.cluster
                [SLF4JLogger.java : 71] Cluster created with settings {hosts=[localhost:27017], mode=SINGLE, requiredClusterType=UNKNOWN, serverSelectionTimeout='30000 ms', maxWaitQueueSize=500}
2021-09-08 14:54:53,305 [INFO ] cluster-ClusterId{value='61385e3d4404410d2c23a5c9', description='null'}-localhost:27017 org.mongodb.driver.connection
                [SLF4JLogger.java : 71] Opened connection [connectionId{localValue:1, serverValue:15}] to localhost:27017
2021-09-08 14:54:53,308 [INFO ] cluster-ClusterId{value='61385e3d4404410d2c23a5c9', description='null'}-localhost:27017 org.mongodb.driver.cluster
                [SLF4JLogger.java : 71] Monitor thread successfully connected to server with description ServerDescription{address=localhost:27017, type=STANDALONE, state=CONNECTED, ok=true, version=ServerVersion{versionList=[3, 0, 15]}, minWireVersion=0, maxWireVersion=3, maxDocumentSize=16777216, logicalSessionTimeoutMinutes=null, roundTripTimeNanos=1327295}
2021-09-08 14:54:53,874 [INFO ] main o.s.scheduling.concurrent.ThreadPoolTaskExecutor
                [ExecutorConfigurationSupport.java : 171] Initializing ExecutorService 'applicationTaskExecutor'
2021-09-08 14:54:54,031 [INFO ] main o.s.scheduling.concurrent.ThreadPoolTaskScheduler
                [ExecutorConfigurationSupport.java : 171] Initializing ExecutorService 'taskScheduler'
2021-09-08 14:54:54,081 [INFO ] main org.apache.coyote.http11.Http11NioProtocol
                [DirectJDKLog.java : 173] Starting ProtocolHandler ["http-nio-9001"]
2021-09-08 14:54:54,114 [INFO ] main org.springframework.boot.web.embedded.tomcat.TomcatWebServer
                [TomcatWebServer.java : 204] Tomcat started on port(s): 9001 (http) with context path '/api'
2021-09-08 14:54:54,117 [INFO ] main com.xxxz.stockupup.StockUpUpApplication
                [StartupInfoLogger.java : 59] Started StockUpUpApplication in 4.393 seconds (JVM running for 5.749)
2021-09-08 15:01:00,113 [INFO ] scheduling-1 org.mongodb.driver.connection
                [SLF4JLogger.java : 71] Opened connection [connectionId{localValue:2, serverValue:16}] to localhost:27017
2021-09-08 15:01:02,102 [ERROR] scheduling-1 o.s.scheduling.support.TaskUtils$LoggingErrorHandler
                [TaskUtils.java : 96] Unexpected error occurred in scheduled task.
java.lang.ArrayIndexOutOfBoundsException: 3
	at com.xxxz.stockupup.v1.component.StockTask.getPresentPriceByCodes(StockTask.java:101)
	at com.xxxz.stockupup.v1.component.StockTask.updateTodayProfit(StockTask.java:52)
	at sun.reflect.NativeMethodAccessorImpl.invoke0(Native Method)
	at sun.reflect.NativeMethodAccessorImpl.invoke(NativeMethodAccessorImpl.java:62)
	at sun.reflect.DelegatingMethodAccessorImpl.invoke(DelegatingMethodAccessorImpl.java:43)
	at java.lang.reflect.Method.invoke(Method.java:483)
	at org.springframework.scheduling.support.ScheduledMethodRunnable.run(ScheduledMethodRunnable.java:84)
	at org.springframework.scheduling.support.DelegatingErrorHandlingRunnable.run(DelegatingErrorHandlingRunnable.java:54)
	at org.springframework.scheduling.concurrent.ReschedulingRunnable.run(ReschedulingRunnable.java:93)
	at java.util.concurrent.Executors$RunnableAdapter.call$$$capture(Executors.java:511)
	at java.util.concurrent.Executors$RunnableAdapter.call(Executors.java)
	at java.util.concurrent.FutureTask.run$$$capture(FutureTask.java:266)
	at java.util.concurrent.FutureTask.run(FutureTask.java)
	at java.util.concurrent.ScheduledThreadPoolExecutor$ScheduledFutureTask.access$201(ScheduledThreadPoolExecutor.java:180)
	at java.util.concurrent.ScheduledThreadPoolExecutor$ScheduledFutureTask.run(ScheduledThreadPoolExecutor.java:293)
	at java.util.concurrent.ThreadPoolExecutor.runWorker(ThreadPoolExecutor.java:1142)
	at java.util.concurrent.ThreadPoolExecutor$Worker.run(ThreadPoolExecutor.java:617)
	at java.lang.Thread.run(Thread.java:745)
2021-09-08 15:21:28,465 [INFO ] main com.xxxz.stockupup.StockUpUpApplication
                [StartupInfoLogger.java : 50] Starting StockUpUpApplication on Lenovo-PC with PID 2312 (G:\work\stockupup\target\classes started by jianglinle in G:\work\stockupup)
2021-09-08 15:21:28,471 [INFO ] main com.xxxz.stockupup.StockUpUpApplication
                [SpringApplication.java : 675] No active profile set, falling back to default profiles: default
2021-09-08 15:21:29,325 [INFO ] main o.s.data.repository.config.RepositoryConfigurationDelegate
                [RepositoryConfigurationDelegate.java : 126] Bootstrapping Spring Data repositories in DEFAULT mode.
2021-09-08 15:21:29,357 [INFO ] main o.s.data.repository.config.RepositoryConfigurationDelegate
                [RepositoryConfigurationDelegate.java : 182] Finished Spring Data repository scanning in 24ms. Found 0 repository interfaces.
2021-09-08 15:21:30,060 [INFO ] main org.springframework.boot.web.embedded.tomcat.TomcatWebServer
                [TomcatWebServer.java : 90] Tomcat initialized with port(s): 9001 (http)
2021-09-08 15:21:30,079 [INFO ] main org.apache.coyote.http11.Http11NioProtocol
                [DirectJDKLog.java : 173] Initializing ProtocolHandler ["http-nio-9001"]
2021-09-08 15:21:30,089 [INFO ] main org.apache.catalina.core.StandardService
                [DirectJDKLog.java : 173] Starting service [Tomcat]
2021-09-08 15:21:30,089 [INFO ] main org.apache.catalina.core.StandardEngine
                [DirectJDKLog.java : 173] Starting Servlet engine: [Apache Tomcat/9.0.16]
2021-09-08 15:21:30,097 [INFO ] main org.apache.catalina.core.AprLifecycleListener
                [DirectJDKLog.java : 173] The APR based Apache Tomcat Native library which allows optimal performance in production environments was not found on the java.library.path: [F:\java\jdk1.8.0_31\bin;C:\windows\Sun\Java\bin;C:\windows\system32;C:\windows;c:\gtk\bin;F:\java\jdk1.8.0_31\bin;C:\windows\system32;C:\windows;C:\windows\system32\wbem;C:\Program Files\Lenovo\Bluetooth Software\;C:\Program Files\Lenovo\Bluetooth Software\syswow64;F:\mysql\mysql-5.7.12-winx64\bin;F:\Apache Software Foundation\apache-maven-3.3.9\bin;F:\Lenovo Home\DCMainWin.exe;D:\SVN\server\bin;F:\Git\cmd;F:\Python27;;.]
2021-09-08 15:21:30,257 [INFO ] main o.a.catalina.core.ContainerBase.[Tomcat].[localhost].[/api]
                [DirectJDKLog.java : 173] Initializing Spring embedded WebApplicationContext
2021-09-08 15:21:30,258 [INFO ] main org.springframework.web.context.ContextLoader
                [ServletWebServerApplicationContext.java : 296] Root WebApplicationContext: initialization completed in 1708 ms
2021-09-08 15:21:30,837 [INFO ] main org.mongodb.driver.cluster
                [SLF4JLogger.java : 71] Cluster created with settings {hosts=[localhost:27017], mode=SINGLE, requiredClusterType=UNKNOWN, serverSelectionTimeout='30000 ms', maxWaitQueueSize=500}
2021-09-08 15:21:30,918 [INFO ] cluster-ClusterId{value='6138647a44044109088caba2', description='null'}-localhost:27017 org.mongodb.driver.connection
                [SLF4JLogger.java : 71] Opened connection [connectionId{localValue:1, serverValue:20}] to localhost:27017
2021-09-08 15:21:30,921 [INFO ] cluster-ClusterId{value='6138647a44044109088caba2', description='null'}-localhost:27017 org.mongodb.driver.cluster
                [SLF4JLogger.java : 71] Monitor thread successfully connected to server with description ServerDescription{address=localhost:27017, type=STANDALONE, state=CONNECTED, ok=true, version=ServerVersion{versionList=[3, 0, 15]}, minWireVersion=0, maxWireVersion=3, maxDocumentSize=16777216, logicalSessionTimeoutMinutes=null, roundTripTimeNanos=1306358}
2021-09-08 15:21:31,490 [INFO ] main o.s.scheduling.concurrent.ThreadPoolTaskExecutor
                [ExecutorConfigurationSupport.java : 171] Initializing ExecutorService 'applicationTaskExecutor'
2021-09-08 15:21:31,664 [INFO ] main o.s.scheduling.concurrent.ThreadPoolTaskScheduler
                [ExecutorConfigurationSupport.java : 171] Initializing ExecutorService 'taskScheduler'
2021-09-08 15:21:31,710 [INFO ] main org.apache.coyote.http11.Http11NioProtocol
                [DirectJDKLog.java : 173] Starting ProtocolHandler ["http-nio-9001"]
2021-09-08 15:21:31,743 [INFO ] main org.springframework.boot.web.embedded.tomcat.TomcatWebServer
                [TomcatWebServer.java : 204] Tomcat started on port(s): 9001 (http) with context path '/api'
2021-09-08 15:21:31,748 [INFO ] main com.xxxz.stockupup.StockUpUpApplication
                [StartupInfoLogger.java : 59] Started StockUpUpApplication in 4.677 seconds (JVM running for 6.163)
2021-09-08 15:21:53,770 [INFO ] http-nio-9001-exec-2 o.a.catalina.core.ContainerBase.[Tomcat].[localhost].[/api]
                [DirectJDKLog.java : 173] Initializing Spring DispatcherServlet 'dispatcherServlet'
2021-09-08 15:21:53,771 [INFO ] http-nio-9001-exec-2 org.springframework.web.servlet.DispatcherServlet
                [FrameworkServlet.java : 524] Initializing Servlet 'dispatcherServlet'
2021-09-08 15:21:53,782 [INFO ] http-nio-9001-exec-2 org.springframework.web.servlet.DispatcherServlet
                [FrameworkServlet.java : 546] Completed initialization in 11 ms
2021-09-08 15:21:53,975 [INFO ] http-nio-9001-exec-2 org.mongodb.driver.connection
                [SLF4JLogger.java : 71] Opened connection [connectionId{localValue:2, serverValue:21}] to localhost:27017
2021-09-08 15:32:46,844 [INFO ] main com.xxxz.stockupup.StockUpUpApplication
                [StartupInfoLogger.java : 50] Starting StockUpUpApplication on Lenovo-PC with PID 5484 (G:\work\stockupup\target\classes started by jianglinle in G:\work\stockupup)
2021-09-08 15:32:46,850 [INFO ] main com.xxxz.stockupup.StockUpUpApplication
                [SpringApplication.java : 675] No active profile set, falling back to default profiles: default
2021-09-08 15:32:47,636 [INFO ] main o.s.data.repository.config.RepositoryConfigurationDelegate
                [RepositoryConfigurationDelegate.java : 126] Bootstrapping Spring Data repositories in DEFAULT mode.
2021-09-08 15:32:47,664 [INFO ] main o.s.data.repository.config.RepositoryConfigurationDelegate
                [RepositoryConfigurationDelegate.java : 182] Finished Spring Data repository scanning in 22ms. Found 0 repository interfaces.
2021-09-08 15:32:48,386 [INFO ] main org.springframework.boot.web.embedded.tomcat.TomcatWebServer
                [TomcatWebServer.java : 90] Tomcat initialized with port(s): 9001 (http)
2021-09-08 15:32:48,407 [INFO ] main org.apache.coyote.http11.Http11NioProtocol
                [DirectJDKLog.java : 173] Initializing ProtocolHandler ["http-nio-9001"]
2021-09-08 15:32:48,420 [INFO ] main org.apache.catalina.core.StandardService
                [DirectJDKLog.java : 173] Starting service [Tomcat]
2021-09-08 15:32:48,420 [INFO ] main org.apache.catalina.core.StandardEngine
                [DirectJDKLog.java : 173] Starting Servlet engine: [Apache Tomcat/9.0.16]
2021-09-08 15:32:48,430 [INFO ] main org.apache.catalina.core.AprLifecycleListener
                [DirectJDKLog.java : 173] The APR based Apache Tomcat Native library which allows optimal performance in production environments was not found on the java.library.path: [F:\java\jdk1.8.0_31\bin;C:\windows\Sun\Java\bin;C:\windows\system32;C:\windows;c:\gtk\bin;F:\java\jdk1.8.0_31\bin;C:\windows\system32;C:\windows;C:\windows\system32\wbem;C:\Program Files\Lenovo\Bluetooth Software\;C:\Program Files\Lenovo\Bluetooth Software\syswow64;F:\mysql\mysql-5.7.12-winx64\bin;F:\Apache Software Foundation\apache-maven-3.3.9\bin;F:\Lenovo Home\DCMainWin.exe;D:\SVN\server\bin;F:\Git\cmd;F:\Python27;;.]
2021-09-08 15:32:48,620 [INFO ] main o.a.catalina.core.ContainerBase.[Tomcat].[localhost].[/api]
                [DirectJDKLog.java : 173] Initializing Spring embedded WebApplicationContext
2021-09-08 15:32:48,620 [INFO ] main org.springframework.web.context.ContextLoader
                [ServletWebServerApplicationContext.java : 296] Root WebApplicationContext: initialization completed in 1707 ms
2021-09-08 15:32:49,176 [INFO ] main org.mongodb.driver.cluster
                [SLF4JLogger.java : 71] Cluster created with settings {hosts=[localhost:27017], mode=SINGLE, requiredClusterType=UNKNOWN, serverSelectionTimeout='30000 ms', maxWaitQueueSize=500}
2021-09-08 15:32:49,248 [INFO ] cluster-ClusterId{value='61386721440441156cbbe57a', description='null'}-localhost:27017 org.mongodb.driver.connection
                [SLF4JLogger.java : 71] Opened connection [connectionId{localValue:1, serverValue:23}] to localhost:27017
2021-09-08 15:32:49,251 [INFO ] cluster-ClusterId{value='61386721440441156cbbe57a', description='null'}-localhost:27017 org.mongodb.driver.cluster
                [SLF4JLogger.java : 71] Monitor thread successfully connected to server with description ServerDescription{address=localhost:27017, type=STANDALONE, state=CONNECTED, ok=true, version=ServerVersion{versionList=[3, 0, 15]}, minWireVersion=0, maxWireVersion=3, maxDocumentSize=16777216, logicalSessionTimeoutMinutes=null, roundTripTimeNanos=1488229}
2021-09-08 15:32:49,862 [INFO ] main o.s.scheduling.concurrent.ThreadPoolTaskExecutor
                [ExecutorConfigurationSupport.java : 171] Initializing ExecutorService 'applicationTaskExecutor'
2021-09-08 15:32:50,067 [INFO ] main o.s.scheduling.concurrent.ThreadPoolTaskScheduler
                [ExecutorConfigurationSupport.java : 171] Initializing ExecutorService 'taskScheduler'
2021-09-08 15:32:50,130 [INFO ] main org.apache.coyote.http11.Http11NioProtocol
                [DirectJDKLog.java : 173] Starting ProtocolHandler ["http-nio-9001"]
2021-09-08 15:32:50,161 [INFO ] main org.springframework.boot.web.embedded.tomcat.TomcatWebServer
                [TomcatWebServer.java : 204] Tomcat started on port(s): 9001 (http) with context path '/api'
2021-09-08 15:32:50,164 [INFO ] main com.xxxz.stockupup.StockUpUpApplication
                [StartupInfoLogger.java : 59] Started StockUpUpApplication in 4.431 seconds (JVM running for 5.79)
2021-09-08 15:33:42,015 [INFO ] main com.xxxz.stockupup.StockUpUpApplication
                [StartupInfoLogger.java : 50] Starting StockUpUpApplication on Lenovo-PC with PID 7124 (G:\work\stockupup\target\classes started by jianglinle in G:\work\stockupup)
2021-09-08 15:33:42,021 [INFO ] main com.xxxz.stockupup.StockUpUpApplication
                [SpringApplication.java : 675] No active profile set, falling back to default profiles: default
2021-09-08 15:33:42,847 [INFO ] main o.s.data.repository.config.RepositoryConfigurationDelegate
                [RepositoryConfigurationDelegate.java : 126] Bootstrapping Spring Data repositories in DEFAULT mode.
2021-09-08 15:33:42,885 [INFO ] main o.s.data.repository.config.RepositoryConfigurationDelegate
                [RepositoryConfigurationDelegate.java : 182] Finished Spring Data repository scanning in 22ms. Found 0 repository interfaces.
2021-09-08 15:33:43,658 [INFO ] main org.springframework.boot.web.embedded.tomcat.TomcatWebServer
                [TomcatWebServer.java : 90] Tomcat initialized with port(s): 9001 (http)
2021-09-08 15:33:43,681 [INFO ] main org.apache.coyote.http11.Http11NioProtocol
                [DirectJDKLog.java : 173] Initializing ProtocolHandler ["http-nio-9001"]
2021-09-08 15:33:43,693 [INFO ] main org.apache.catalina.core.StandardService
                [DirectJDKLog.java : 173] Starting service [Tomcat]
2021-09-08 15:33:43,693 [INFO ] main org.apache.catalina.core.StandardEngine
                [DirectJDKLog.java : 173] Starting Servlet engine: [Apache Tomcat/9.0.16]
2021-09-08 15:33:43,702 [INFO ] main org.apache.catalina.core.AprLifecycleListener
                [DirectJDKLog.java : 173] The APR based Apache Tomcat Native library which allows optimal performance in production environments was not found on the java.library.path: [F:\java\jdk1.8.0_31\bin;C:\windows\Sun\Java\bin;C:\windows\system32;C:\windows;c:\gtk\bin;F:\java\jdk1.8.0_31\bin;C:\windows\system32;C:\windows;C:\windows\system32\wbem;C:\Program Files\Lenovo\Bluetooth Software\;C:\Program Files\Lenovo\Bluetooth Software\syswow64;F:\mysql\mysql-5.7.12-winx64\bin;F:\Apache Software Foundation\apache-maven-3.3.9\bin;F:\Lenovo Home\DCMainWin.exe;D:\SVN\server\bin;F:\Git\cmd;F:\Python27;;.]
2021-09-08 15:33:43,869 [INFO ] main o.a.catalina.core.ContainerBase.[Tomcat].[localhost].[/api]
                [DirectJDKLog.java : 173] Initializing Spring embedded WebApplicationContext
2021-09-08 15:33:43,869 [INFO ] main org.springframework.web.context.ContextLoader
                [ServletWebServerApplicationContext.java : 296] Root WebApplicationContext: initialization completed in 1696 ms
2021-09-08 15:33:44,424 [INFO ] main org.mongodb.driver.cluster
                [SLF4JLogger.java : 71] Cluster created with settings {hosts=[localhost:27017], mode=SINGLE, requiredClusterType=UNKNOWN, serverSelectionTimeout='30000 ms', maxWaitQueueSize=500}
2021-09-08 15:33:44,515 [INFO ] cluster-ClusterId{value='613867584404411bd430beb4', description='null'}-localhost:27017 org.mongodb.driver.connection
                [SLF4JLogger.java : 71] Opened connection [connectionId{localValue:1, serverValue:24}] to localhost:27017
2021-09-08 15:33:44,518 [INFO ] cluster-ClusterId{value='613867584404411bd430beb4', description='null'}-localhost:27017 org.mongodb.driver.cluster
                [SLF4JLogger.java : 71] Monitor thread successfully connected to server with description ServerDescription{address=localhost:27017, type=STANDALONE, state=CONNECTED, ok=true, version=ServerVersion{versionList=[3, 0, 15]}, minWireVersion=0, maxWireVersion=3, maxDocumentSize=16777216, logicalSessionTimeoutMinutes=null, roundTripTimeNanos=1495619}
2021-09-08 15:33:45,092 [INFO ] main o.s.scheduling.concurrent.ThreadPoolTaskExecutor
                [ExecutorConfigurationSupport.java : 171] Initializing ExecutorService 'applicationTaskExecutor'
2021-09-08 15:33:45,272 [INFO ] main o.s.scheduling.concurrent.ThreadPoolTaskScheduler
                [ExecutorConfigurationSupport.java : 171] Initializing ExecutorService 'taskScheduler'
2021-09-08 15:33:45,320 [INFO ] main org.apache.coyote.http11.Http11NioProtocol
                [DirectJDKLog.java : 173] Starting ProtocolHandler ["http-nio-9001"]
2021-09-08 15:33:45,354 [INFO ] main org.springframework.boot.web.embedded.tomcat.TomcatWebServer
                [TomcatWebServer.java : 204] Tomcat started on port(s): 9001 (http) with context path '/api'
2021-09-08 15:33:45,358 [INFO ] main com.xxxz.stockupup.StockUpUpApplication
                [StartupInfoLogger.java : 59] Started StockUpUpApplication in 4.545 seconds (JVM running for 5.925)
2021-09-08 15:34:05,981 [INFO ] http-nio-9001-exec-3 o.a.catalina.core.ContainerBase.[Tomcat].[localhost].[/api]
                [DirectJDKLog.java : 173] Initializing Spring DispatcherServlet 'dispatcherServlet'
2021-09-08 15:34:05,982 [INFO ] http-nio-9001-exec-3 org.springframework.web.servlet.DispatcherServlet
                [FrameworkServlet.java : 524] Initializing Servlet 'dispatcherServlet'
2021-09-08 15:34:05,990 [INFO ] http-nio-9001-exec-3 org.springframework.web.servlet.DispatcherServlet
                [FrameworkServlet.java : 546] Completed initialization in 8 ms
2021-09-08 15:34:11,882 [INFO ] http-nio-9001-exec-3 org.mongodb.driver.connection
                [SLF4JLogger.java : 71] Opened connection [connectionId{localValue:2, serverValue:25}] to localhost:27017
2021-09-08 15:36:55,766 [ERROR] http-nio-9001-exec-5 o.a.c.c.C.[Tomcat].[localhost].[/api].[dispatcherServlet]
                [DirectJDKLog.java : 175] Servlet.service() for servlet [dispatcherServlet] in context with path [/api] threw exception [Request processing failed; nested exception is java.lang.ArrayIndexOutOfBoundsException: 3] with root cause
java.lang.ArrayIndexOutOfBoundsException: 3
	at com.xxxz.stockupup.v1.component.StockTask.getPresentPriceByCodes(StockTask.java:101)
	at com.xxxz.stockupup.v1.component.StockTask.updateTodayProfit(StockTask.java:52)
	at com.xxxz.stockupup.v1.controller.HolderController.query(HolderController.java:60)
	at sun.reflect.NativeMethodAccessorImpl.invoke0(Native Method)
	at sun.reflect.NativeMethodAccessorImpl.invoke(NativeMethodAccessorImpl.java:62)
	at sun.reflect.DelegatingMethodAccessorImpl.invoke(DelegatingMethodAccessorImpl.java:43)
	at java.lang.reflect.Method.invoke(Method.java:483)
	at org.springframework.web.method.support.InvocableHandlerMethod.doInvoke(InvocableHandlerMethod.java:189)
	at org.springframework.web.method.support.InvocableHandlerMethod.invokeForRequest(InvocableHandlerMethod.java:138)
	at org.springframework.web.servlet.mvc.method.annotation.ServletInvocableHandlerMethod.invokeAndHandle(ServletInvocableHandlerMethod.java:102)
	at org.springframework.web.servlet.mvc.method.annotation.RequestMappingHandlerAdapter.invokeHandlerMethod(RequestMappingHandlerAdapter.java:895)
	at org.springframework.web.servlet.mvc.method.annotation.RequestMappingHandlerAdapter.handleInternal(RequestMappingHandlerAdapter.java:800)
	at org.springframework.web.servlet.mvc.method.AbstractHandlerMethodAdapter.handle(AbstractHandlerMethodAdapter.java:87)
	at org.springframework.web.servlet.DispatcherServlet.doDispatch(DispatcherServlet.java:1038)
	at org.springframework.web.servlet.DispatcherServlet.doService(DispatcherServlet.java:942)
	at org.springframework.web.servlet.FrameworkServlet.processRequest(FrameworkServlet.java:1005)
	at org.springframework.web.servlet.FrameworkServlet.doGet(FrameworkServlet.java:897)
	at javax.servlet.http.HttpServlet.service(HttpServlet.java:634)
	at org.springframework.web.servlet.FrameworkServlet.service(FrameworkServlet.java:882)
	at javax.servlet.http.HttpServlet.service(HttpServlet.java:741)
	at org.apache.catalina.core.ApplicationFilterChain.internalDoFilter(ApplicationFilterChain.java:231)
	at org.apache.catalina.core.ApplicationFilterChain.doFilter(ApplicationFilterChain.java:166)
	at org.apache.tomcat.websocket.server.WsFilter.doFilter(WsFilter.java:53)
	at org.apache.catalina.core.ApplicationFilterChain.internalDoFilter(ApplicationFilterChain.java:193)
	at org.apache.catalina.core.ApplicationFilterChain.doFilter(ApplicationFilterChain.java:166)
	at org.springframework.web.filter.RequestContextFilter.doFilterInternal(RequestContextFilter.java:99)
	at org.springframework.web.filter.OncePerRequestFilter.doFilter(OncePerRequestFilter.java:107)
	at org.apache.catalina.core.ApplicationFilterChain.internalDoFilter(ApplicationFilterChain.java:193)
	at org.apache.catalina.core.ApplicationFilterChain.doFilter(ApplicationFilterChain.java:166)
	at org.springframework.web.filter.FormContentFilter.doFilterInternal(FormContentFilter.java:92)
	at org.springframework.web.filter.OncePerRequestFilter.doFilter(OncePerRequestFilter.java:107)
	at org.apache.catalina.core.ApplicationFilterChain.internalDoFilter(ApplicationFilterChain.java:193)
	at org.apache.catalina.core.ApplicationFilterChain.doFilter(ApplicationFilterChain.java:166)
	at org.springframework.web.filter.HiddenHttpMethodFilter.doFilterInternal(HiddenHttpMethodFilter.java:93)
	at org.springframework.web.filter.OncePerRequestFilter.doFilter(OncePerRequestFilter.java:107)
	at org.apache.catalina.core.ApplicationFilterChain.internalDoFilter(ApplicationFilterChain.java:193)
	at org.apache.catalina.core.ApplicationFilterChain.doFilter(ApplicationFilterChain.java:166)
	at org.springframework.web.filter.CharacterEncodingFilter.doFilterInternal(CharacterEncodingFilter.java:200)
	at org.springframework.web.filter.OncePerRequestFilter.doFilter(OncePerRequestFilter.java:107)
	at org.apache.catalina.core.ApplicationFilterChain.internalDoFilter(ApplicationFilterChain.java:193)
	at org.apache.catalina.core.ApplicationFilterChain.doFilter(ApplicationFilterChain.java:166)
	at org.apache.catalina.core.StandardWrapperValve.invoke(StandardWrapperValve.java:200)
	at org.apache.catalina.core.StandardContextValve.invoke(StandardContextValve.java:96)
	at org.apache.catalina.authenticator.AuthenticatorBase.invoke(AuthenticatorBase.java:490)
	at org.apache.catalina.core.StandardHostValve.invoke(StandardHostValve.java:139)
	at org.apache.catalina.valves.ErrorReportValve.invoke(ErrorReportValve.java:92)
	at org.apache.catalina.core.StandardEngineValve.invoke(StandardEngineValve.java:74)
	at org.apache.catalina.connector.CoyoteAdapter.service(CoyoteAdapter.java:343)
	at org.apache.coyote.http11.Http11Processor.service(Http11Processor.java:408)
	at org.apache.coyote.AbstractProcessorLight.process(AbstractProcessorLight.java:66)
	at org.apache.coyote.AbstractProtocol$ConnectionHandler.process(AbstractProtocol.java:834)
	at org.apache.tomcat.util.net.NioEndpoint$SocketProcessor.doRun(NioEndpoint.java:1415)
	at org.apache.tomcat.util.net.SocketProcessorBase.run(SocketProcessorBase.java:49)
	at java.util.concurrent.ThreadPoolExecutor.runWorker(ThreadPoolExecutor.java:1142)
	at java.util.concurrent.ThreadPoolExecutor$Worker.run(ThreadPoolExecutor.java:617)
	at org.apache.tomcat.util.threads.TaskThread$WrappingRunnable.run(TaskThread.java:61)
	at java.lang.Thread.run(Thread.java:745)
2021-09-08 15:38:39,877 [ERROR] http-nio-9001-exec-7 o.a.c.c.C.[Tomcat].[localhost].[/api].[dispatcherServlet]
                [DirectJDKLog.java : 175] Servlet.service() for servlet [dispatcherServlet] in context with path [/api] threw exception [Request processing failed; nested exception is java.lang.ArrayIndexOutOfBoundsException: 3] with root cause
java.lang.ArrayIndexOutOfBoundsException: 3
	at com.xxxz.stockupup.v1.component.StockTask.getPresentPriceByCodes(StockTask.java:101)
	at com.xxxz.stockupup.v1.component.StockTask.updateTodayProfit(StockTask.java:52)
	at com.xxxz.stockupup.v1.controller.HolderController.query(HolderController.java:60)
	at sun.reflect.NativeMethodAccessorImpl.invoke0(Native Method)
	at sun.reflect.NativeMethodAccessorImpl.invoke(NativeMethodAccessorImpl.java:62)
	at sun.reflect.DelegatingMethodAccessorImpl.invoke(DelegatingMethodAccessorImpl.java:43)
	at java.lang.reflect.Method.invoke(Method.java:483)
	at org.springframework.web.method.support.InvocableHandlerMethod.doInvoke(InvocableHandlerMethod.java:189)
	at org.springframework.web.method.support.InvocableHandlerMethod.invokeForRequest(InvocableHandlerMethod.java:138)
	at org.springframework.web.servlet.mvc.method.annotation.ServletInvocableHandlerMethod.invokeAndHandle(ServletInvocableHandlerMethod.java:102)
	at org.springframework.web.servlet.mvc.method.annotation.RequestMappingHandlerAdapter.invokeHandlerMethod(RequestMappingHandlerAdapter.java:895)
	at org.springframework.web.servlet.mvc.method.annotation.RequestMappingHandlerAdapter.handleInternal(RequestMappingHandlerAdapter.java:800)
	at org.springframework.web.servlet.mvc.method.AbstractHandlerMethodAdapter.handle(AbstractHandlerMethodAdapter.java:87)
	at org.springframework.web.servlet.DispatcherServlet.doDispatch(DispatcherServlet.java:1038)
	at org.springframework.web.servlet.DispatcherServlet.doService(DispatcherServlet.java:942)
	at org.springframework.web.servlet.FrameworkServlet.processRequest(FrameworkServlet.java:1005)
	at org.springframework.web.servlet.FrameworkServlet.doGet(FrameworkServlet.java:897)
	at javax.servlet.http.HttpServlet.service(HttpServlet.java:634)
	at org.springframework.web.servlet.FrameworkServlet.service(FrameworkServlet.java:882)
	at javax.servlet.http.HttpServlet.service(HttpServlet.java:741)
	at org.apache.catalina.core.ApplicationFilterChain.internalDoFilter(ApplicationFilterChain.java:231)
	at org.apache.catalina.core.ApplicationFilterChain.doFilter(ApplicationFilterChain.java:166)
	at org.apache.tomcat.websocket.server.WsFilter.doFilter(WsFilter.java:53)
	at org.apache.catalina.core.ApplicationFilterChain.internalDoFilter(ApplicationFilterChain.java:193)
	at org.apache.catalina.core.ApplicationFilterChain.doFilter(ApplicationFilterChain.java:166)
	at org.springframework.web.filter.RequestContextFilter.doFilterInternal(RequestContextFilter.java:99)
	at org.springframework.web.filter.OncePerRequestFilter.doFilter(OncePerRequestFilter.java:107)
	at org.apache.catalina.core.ApplicationFilterChain.internalDoFilter(ApplicationFilterChain.java:193)
	at org.apache.catalina.core.ApplicationFilterChain.doFilter(ApplicationFilterChain.java:166)
	at org.springframework.web.filter.FormContentFilter.doFilterInternal(FormContentFilter.java:92)
	at org.springframework.web.filter.OncePerRequestFilter.doFilter(OncePerRequestFilter.java:107)
	at org.apache.catalina.core.ApplicationFilterChain.internalDoFilter(ApplicationFilterChain.java:193)
	at org.apache.catalina.core.ApplicationFilterChain.doFilter(ApplicationFilterChain.java:166)
	at org.springframework.web.filter.HiddenHttpMethodFilter.doFilterInternal(HiddenHttpMethodFilter.java:93)
	at org.springframework.web.filter.OncePerRequestFilter.doFilter(OncePerRequestFilter.java:107)
	at org.apache.catalina.core.ApplicationFilterChain.internalDoFilter(ApplicationFilterChain.java:193)
	at org.apache.catalina.core.ApplicationFilterChain.doFilter(ApplicationFilterChain.java:166)
	at org.springframework.web.filter.CharacterEncodingFilter.doFilterInternal(CharacterEncodingFilter.java:200)
	at org.springframework.web.filter.OncePerRequestFilter.doFilter(OncePerRequestFilter.java:107)
	at org.apache.catalina.core.ApplicationFilterChain.internalDoFilter(ApplicationFilterChain.java:193)
	at org.apache.catalina.core.ApplicationFilterChain.doFilter(ApplicationFilterChain.java:166)
	at org.apache.catalina.core.StandardWrapperValve.invoke(StandardWrapperValve.java:200)
	at org.apache.catalina.core.StandardContextValve.invoke(StandardContextValve.java:96)
	at org.apache.catalina.authenticator.AuthenticatorBase.invoke(AuthenticatorBase.java:490)
	at org.apache.catalina.core.StandardHostValve.invoke(StandardHostValve.java:139)
	at org.apache.catalina.valves.ErrorReportValve.invoke(ErrorReportValve.java:92)
	at org.apache.catalina.core.StandardEngineValve.invoke(StandardEngineValve.java:74)
	at org.apache.catalina.connector.CoyoteAdapter.service(CoyoteAdapter.java:343)
	at org.apache.coyote.http11.Http11Processor.service(Http11Processor.java:408)
	at org.apache.coyote.AbstractProcessorLight.process(AbstractProcessorLight.java:66)
	at org.apache.coyote.AbstractProtocol$ConnectionHandler.process(AbstractProtocol.java:834)
	at org.apache.tomcat.util.net.NioEndpoint$SocketProcessor.doRun(NioEndpoint.java:1415)
	at org.apache.tomcat.util.net.SocketProcessorBase.run(SocketProcessorBase.java:49)
	at java.util.concurrent.ThreadPoolExecutor.runWorker(ThreadPoolExecutor.java:1142)
	at java.util.concurrent.ThreadPoolExecutor$Worker.run(ThreadPoolExecutor.java:617)
	at org.apache.tomcat.util.threads.TaskThread$WrappingRunnable.run(TaskThread.java:61)
	at java.lang.Thread.run(Thread.java:745)
2021-09-08 15:44:40,911 [INFO ] main com.xxxz.stockupup.StockUpUpApplication
                [StartupInfoLogger.java : 50] Starting StockUpUpApplication on Lenovo-PC with PID 7460 (G:\work\stockupup\target\classes started by jianglinle in G:\work\stockupup)
2021-09-08 15:44:40,915 [INFO ] main com.xxxz.stockupup.StockUpUpApplication
                [SpringApplication.java : 675] No active profile set, falling back to default profiles: default
2021-09-08 15:44:41,561 [INFO ] main o.s.data.repository.config.RepositoryConfigurationDelegate
                [RepositoryConfigurationDelegate.java : 126] Bootstrapping Spring Data repositories in DEFAULT mode.
2021-09-08 15:44:41,591 [INFO ] main o.s.data.repository.config.RepositoryConfigurationDelegate
                [RepositoryConfigurationDelegate.java : 182] Finished Spring Data repository scanning in 23ms. Found 0 repository interfaces.
2021-09-08 15:44:42,268 [INFO ] main org.springframework.boot.web.embedded.tomcat.TomcatWebServer
                [TomcatWebServer.java : 90] Tomcat initialized with port(s): 9001 (http)
2021-09-08 15:44:42,285 [INFO ] main org.apache.coyote.http11.Http11NioProtocol
                [DirectJDKLog.java : 173] Initializing ProtocolHandler ["http-nio-9001"]
2021-09-08 15:44:42,294 [INFO ] main org.apache.catalina.core.StandardService
                [DirectJDKLog.java : 173] Starting service [Tomcat]
2021-09-08 15:44:42,295 [INFO ] main org.apache.catalina.core.StandardEngine
                [DirectJDKLog.java : 173] Starting Servlet engine: [Apache Tomcat/9.0.16]
2021-09-08 15:44:42,303 [INFO ] main org.apache.catalina.core.AprLifecycleListener
                [DirectJDKLog.java : 173] The APR based Apache Tomcat Native library which allows optimal performance in production environments was not found on the java.library.path: [F:\java\jdk1.8.0_31\bin;C:\windows\Sun\Java\bin;C:\windows\system32;C:\windows;c:\gtk\bin;F:\java\jdk1.8.0_31\bin;C:\windows\system32;C:\windows;C:\windows\system32\wbem;C:\Program Files\Lenovo\Bluetooth Software\;C:\Program Files\Lenovo\Bluetooth Software\syswow64;F:\mysql\mysql-5.7.12-winx64\bin;F:\Apache Software Foundation\apache-maven-3.3.9\bin;F:\Lenovo Home\DCMainWin.exe;D:\SVN\server\bin;F:\Git\cmd;F:\Python27;;.]
2021-09-08 15:44:42,468 [INFO ] main o.a.catalina.core.ContainerBase.[Tomcat].[localhost].[/api]
                [DirectJDKLog.java : 173] Initializing Spring embedded WebApplicationContext
2021-09-08 15:44:42,469 [INFO ] main org.springframework.web.context.ContextLoader
                [ServletWebServerApplicationContext.java : 296] Root WebApplicationContext: initialization completed in 1506 ms
2021-09-08 15:44:43,040 [INFO ] main org.mongodb.driver.cluster
                [SLF4JLogger.java : 71] Cluster created with settings {hosts=[localhost:27017], mode=SINGLE, requiredClusterType=UNKNOWN, serverSelectionTimeout='30000 ms', maxWaitQueueSize=500}
2021-09-08 15:44:43,120 [INFO ] cluster-ClusterId{value='613869eb4404411d24978daf', description='null'}-localhost:27017 org.mongodb.driver.connection
                [SLF4JLogger.java : 71] Opened connection [connectionId{localValue:1, serverValue:26}] to localhost:27017
2021-09-08 15:44:43,123 [INFO ] cluster-ClusterId{value='613869eb4404411d24978daf', description='null'}-localhost:27017 org.mongodb.driver.cluster
                [SLF4JLogger.java : 71] Monitor thread successfully connected to server with description ServerDescription{address=localhost:27017, type=STANDALONE, state=CONNECTED, ok=true, version=ServerVersion{versionList=[3, 0, 15]}, minWireVersion=0, maxWireVersion=3, maxDocumentSize=16777216, logicalSessionTimeoutMinutes=null, roundTripTimeNanos=1433216}
2021-09-08 15:44:43,705 [INFO ] main o.s.scheduling.concurrent.ThreadPoolTaskExecutor
                [ExecutorConfigurationSupport.java : 171] Initializing ExecutorService 'applicationTaskExecutor'
2021-09-08 15:44:43,871 [INFO ] main o.s.scheduling.concurrent.ThreadPoolTaskScheduler
                [ExecutorConfigurationSupport.java : 171] Initializing ExecutorService 'taskScheduler'
2021-09-08 15:44:43,919 [INFO ] main org.apache.coyote.http11.Http11NioProtocol
                [DirectJDKLog.java : 173] Starting ProtocolHandler ["http-nio-9001"]
2021-09-08 15:44:43,957 [INFO ] main org.springframework.boot.web.embedded.tomcat.TomcatWebServer
                [TomcatWebServer.java : 204] Tomcat started on port(s): 9001 (http) with context path '/api'
2021-09-08 15:44:43,960 [INFO ] main com.xxxz.stockupup.StockUpUpApplication
                [StartupInfoLogger.java : 59] Started StockUpUpApplication in 4.841 seconds (JVM running for 6.425)
2021-09-08 15:45:16,587 [INFO ] http-nio-9001-exec-1 o.a.catalina.core.ContainerBase.[Tomcat].[localhost].[/api]
                [DirectJDKLog.java : 173] Initializing Spring DispatcherServlet 'dispatcherServlet'
2021-09-08 15:45:16,588 [INFO ] http-nio-9001-exec-1 org.springframework.web.servlet.DispatcherServlet
                [FrameworkServlet.java : 524] Initializing Servlet 'dispatcherServlet'
2021-09-08 15:45:16,596 [INFO ] http-nio-9001-exec-1 org.springframework.web.servlet.DispatcherServlet
                [FrameworkServlet.java : 546] Completed initialization in 8 ms
2021-09-08 15:45:23,355 [INFO ] http-nio-9001-exec-1 org.mongodb.driver.connection
                [SLF4JLogger.java : 71] Opened connection [connectionId{localValue:2, serverValue:27}] to localhost:27017
2021-09-08 15:45:51,525 [ERROR] http-nio-9001-exec-1 o.a.c.c.C.[Tomcat].[localhost].[/api].[dispatcherServlet]
                [DirectJDKLog.java : 175] Servlet.service() for servlet [dispatcherServlet] in context with path [/api] threw exception [Request processing failed; nested exception is java.lang.ArrayIndexOutOfBoundsException: 3] with root cause
java.lang.ArrayIndexOutOfBoundsException: 3
	at com.xxxz.stockupup.v1.component.StockTask.getPresentPriceByCodes(StockTask.java:102)
	at com.xxxz.stockupup.v1.component.StockTask.updateTodayProfit(StockTask.java:52)
	at com.xxxz.stockupup.v1.controller.HolderController.query(HolderController.java:60)
	at sun.reflect.NativeMethodAccessorImpl.invoke0(Native Method)
	at sun.reflect.NativeMethodAccessorImpl.invoke(NativeMethodAccessorImpl.java:62)
	at sun.reflect.DelegatingMethodAccessorImpl.invoke(DelegatingMethodAccessorImpl.java:43)
	at java.lang.reflect.Method.invoke(Method.java:483)
	at org.springframework.web.method.support.InvocableHandlerMethod.doInvoke(InvocableHandlerMethod.java:189)
	at org.springframework.web.method.support.InvocableHandlerMethod.invokeForRequest(InvocableHandlerMethod.java:138)
	at org.springframework.web.servlet.mvc.method.annotation.ServletInvocableHandlerMethod.invokeAndHandle(ServletInvocableHandlerMethod.java:102)
	at org.springframework.web.servlet.mvc.method.annotation.RequestMappingHandlerAdapter.invokeHandlerMethod(RequestMappingHandlerAdapter.java:895)
	at org.springframework.web.servlet.mvc.method.annotation.RequestMappingHandlerAdapter.handleInternal(RequestMappingHandlerAdapter.java:800)
	at org.springframework.web.servlet.mvc.method.AbstractHandlerMethodAdapter.handle(AbstractHandlerMethodAdapter.java:87)
	at org.springframework.web.servlet.DispatcherServlet.doDispatch(DispatcherServlet.java:1038)
	at org.springframework.web.servlet.DispatcherServlet.doService(DispatcherServlet.java:942)
	at org.springframework.web.servlet.FrameworkServlet.processRequest(FrameworkServlet.java:1005)
	at org.springframework.web.servlet.FrameworkServlet.doGet(FrameworkServlet.java:897)
	at javax.servlet.http.HttpServlet.service(HttpServlet.java:634)
	at org.springframework.web.servlet.FrameworkServlet.service(FrameworkServlet.java:882)
	at javax.servlet.http.HttpServlet.service(HttpServlet.java:741)
	at org.apache.catalina.core.ApplicationFilterChain.internalDoFilter(ApplicationFilterChain.java:231)
	at org.apache.catalina.core.ApplicationFilterChain.doFilter(ApplicationFilterChain.java:166)
	at org.apache.tomcat.websocket.server.WsFilter.doFilter(WsFilter.java:53)
	at org.apache.catalina.core.ApplicationFilterChain.internalDoFilter(ApplicationFilterChain.java:193)
	at org.apache.catalina.core.ApplicationFilterChain.doFilter(ApplicationFilterChain.java:166)
	at org.springframework.web.filter.RequestContextFilter.doFilterInternal(RequestContextFilter.java:99)
	at org.springframework.web.filter.OncePerRequestFilter.doFilter(OncePerRequestFilter.java:107)
	at org.apache.catalina.core.ApplicationFilterChain.internalDoFilter(ApplicationFilterChain.java:193)
	at org.apache.catalina.core.ApplicationFilterChain.doFilter(ApplicationFilterChain.java:166)
	at org.springframework.web.filter.FormContentFilter.doFilterInternal(FormContentFilter.java:92)
	at org.springframework.web.filter.OncePerRequestFilter.doFilter(OncePerRequestFilter.java:107)
	at org.apache.catalina.core.ApplicationFilterChain.internalDoFilter(ApplicationFilterChain.java:193)
	at org.apache.catalina.core.ApplicationFilterChain.doFilter(ApplicationFilterChain.java:166)
	at org.springframework.web.filter.HiddenHttpMethodFilter.doFilterInternal(HiddenHttpMethodFilter.java:93)
	at org.springframework.web.filter.OncePerRequestFilter.doFilter(OncePerRequestFilter.java:107)
	at org.apache.catalina.core.ApplicationFilterChain.internalDoFilter(ApplicationFilterChain.java:193)
	at org.apache.catalina.core.ApplicationFilterChain.doFilter(ApplicationFilterChain.java:166)
	at org.springframework.web.filter.CharacterEncodingFilter.doFilterInternal(CharacterEncodingFilter.java:200)
	at org.springframework.web.filter.OncePerRequestFilter.doFilter(OncePerRequestFilter.java:107)
	at org.apache.catalina.core.ApplicationFilterChain.internalDoFilter(ApplicationFilterChain.java:193)
	at org.apache.catalina.core.ApplicationFilterChain.doFilter(ApplicationFilterChain.java:166)
	at org.apache.catalina.core.StandardWrapperValve.invoke(StandardWrapperValve.java:200)
	at org.apache.catalina.core.StandardContextValve.invoke(StandardContextValve.java:96)
	at org.apache.catalina.authenticator.AuthenticatorBase.invoke(AuthenticatorBase.java:490)
	at org.apache.catalina.core.StandardHostValve.invoke(StandardHostValve.java:139)
	at org.apache.catalina.valves.ErrorReportValve.invoke(ErrorReportValve.java:92)
	at org.apache.catalina.core.StandardEngineValve.invoke(StandardEngineValve.java:74)
	at org.apache.catalina.connector.CoyoteAdapter.service(CoyoteAdapter.java:343)
	at org.apache.coyote.http11.Http11Processor.service(Http11Processor.java:408)
	at org.apache.coyote.AbstractProcessorLight.process(AbstractProcessorLight.java:66)
	at org.apache.coyote.AbstractProtocol$ConnectionHandler.process(AbstractProtocol.java:834)
	at org.apache.tomcat.util.net.NioEndpoint$SocketProcessor.doRun(NioEndpoint.java:1415)
	at org.apache.tomcat.util.net.SocketProcessorBase.run(SocketProcessorBase.java:49)
	at java.util.concurrent.ThreadPoolExecutor.runWorker(ThreadPoolExecutor.java:1142)
	at java.util.concurrent.ThreadPoolExecutor$Worker.run(ThreadPoolExecutor.java:617)
	at org.apache.tomcat.util.threads.TaskThread$WrappingRunnable.run(TaskThread.java:61)
	at java.lang.Thread.run(Thread.java:745)
